20:52:26 **** Incremental Build of configuration Debug for project ejercicioPreParcialV3 ****
make all 
Building file: ../src/main.c
Invoking: GCC C Compiler
gcc -O0 -g3 -Wall -c -fmessage-length=0 -MMD -MP -MF"src/main.d" -MT"src/main.o" -o "src/main.o" "../src/main.c"
../src/main.c: In function ‘main’:
../src/main.c:40:31: warning: passing argument 2 of ‘ll_map’ from incompatible pointer type [-Wincompatible-pointer-types]
         ll_map(listaEmpleados,em_calcularSueldo);
                               ^~~~~~~~~~~~~~~~~
In file included from ../src/Parser.h:4:0,
                 from ../src/main.c:5:
../src/LinkedList.h:56:5: note: expected ‘int (*)(void *)’ but argument is of type ‘void (*)(void *)’
 int ll_map(LinkedList* this, int (*pFunc)(void*));
     ^~~~~~
../src/main.c:36:8: warning: ‘listaEmpleados’ is used uninitialized in this function [-Wuninitialized]
     if(parser_parseEmpleados("data.csv",listaEmpleados)==1)
        ^~~~~~~~~~~~~~~~~~~~~~~~~~~~~~~~~~~~~~~~~~~~~~~~
Finished building: ../src/main.c
 
Building target: ejercicioPreParcialV3
Invoking: GCC C Linker
gcc  -o "ejercicioPreParcialV3"  ./src/Empleado.o ./src/LinkedList.o ./src/Parser.o ./src/main.o   
Finished building target: ejercicioPreParcialV3
 
